Start testing: Apr 14 22:16 CEST
----------------------------------------------------------
1/2 Testing: TokenTest.ConstructorTest
1/2 Test: TokenTest.ConstructorTest
Command: "/home/jakob/Documents/Projects/jmx/build/UnitTests" "--gtest_filter=TokenTest.ConstructorTest" "--gtest_also_run_disabled_tests"
Directory: /home/jakob/Documents/Projects/jmx/build
"TokenTest.ConstructorTest" start time: Apr 14 22:16 CEST
Output:
----------------------------------------------------------
Note: Google Test filter = TokenTest.ConstructorTest
[==========] Running 1 test from 1 test suite.
[----------] Global test environment set-up.
[----------] 1 test from TokenTest
[ RUN      ] TokenTest.ConstructorTest
[       OK ] TokenTest.ConstructorTest (0 ms)
[----------] 1 test from TokenTest (0 ms total)

[----------] Global test environment tear-down
[==========] 1 test from 1 test suite ran. (0 ms total)
[  PASSED  ] 1 test.
<end of output>
Test time =   0.00 sec
----------------------------------------------------------
Test Passed.
"TokenTest.ConstructorTest" end time: Apr 14 22:16 CEST
"TokenTest.ConstructorTest" time elapsed: 00:00:00
----------------------------------------------------------

2/2 Testing: ParserTest.ConstructorTest
2/2 Test: ParserTest.ConstructorTest
Command: "/home/jakob/Documents/Projects/jmx/build/UnitTests" "--gtest_filter=ParserTest.ConstructorTest" "--gtest_also_run_disabled_tests"
Directory: /home/jakob/Documents/Projects/jmx/build
"ParserTest.ConstructorTest" start time: Apr 14 22:16 CEST
Output:
----------------------------------------------------------
Note: Google Test filter = ParserTest.ConstructorTest
[==========] Running 1 test from 1 test suite.
[----------] Global test environment set-up.
[----------] 1 test from ParserTest
[ RUN      ] ParserTest.ConstructorTest
[       OK ] ParserTest.ConstructorTest (0 ms)
[----------] 1 test from ParserTest (0 ms total)

[----------] Global test environment tear-down
[==========] 1 test from 1 test suite ran. (0 ms total)
[  PASSED  ] 1 test.
<end of output>
Test time =   0.00 sec
----------------------------------------------------------
Test Passed.
"ParserTest.ConstructorTest" end time: Apr 14 22:16 CEST
"ParserTest.ConstructorTest" time elapsed: 00:00:00
----------------------------------------------------------

End testing: Apr 14 22:16 CEST
